[    3352ms] [INFO] %cDownload the React DevTools for a better development experience: https://react.dev/link/react-devtools font-weight:bold @ webpack-internal:///(app-pages-browser)/./node_modules/.pnpm/next@15.5.15_react-dom@19.2.5_react@19.2.5__react@19.2.5/node_modules/next/dist/compiled/react-dom/cjs/react-dom-client.development.js:25630
[    3377ms] [LOG] %c%s%c getClientById: background: #e6e6e6;background: light-dark(rgba(0,0,0,0.1), rgba(255,255,255,0.25));color: #000000;color: light-dark(#000000, #ffffff);border-radius: 2px  Server   {id: 7dafcbe3-37e8-4c64-a684-7c545042764d, clientData: Object} @ about://React/Server/webpack-internal:///(rsc)/./lib/data/clients.ts?18:224
[    3377ms] [LOG] %c%s%c Requests fetched: background: #e6e6e6;background: light-dark(rgba(0,0,0,0.1), rgba(255,255,255,0.25));color: #000000;color: light-dark(#000000, #ffffff);border-radius: 2px  Server   {requestsData: Array(5), requestsError: null} @ about://React/Server/webpack-internal:///(rsc)/./lib/data/clients.ts?20:233
[    3377ms] [LOG] %c%s%c Calculated health status: background: #e6e6e6;background: light-dark(rgba(0,0,0,0.1), rgba(255,255,255,0.25));color: #000000;color: light-dark(#000000, #ffffff);border-radius: 2px  Server   Overdue @ about://React/Server/webpack-internal:///(rsc)/./lib/data/clients.ts?21:253
[    3405ms] [LOG] Client short_links: [Object] shortCode: noFpbN portalUrl: null @ webpack-internal:///(app-pages-browser)/./app/dashboard/clients/[id]/client-detail-client.tsx:274
[    3405ms] [LOG] Overview render: {clientId: 7dafcbe3-37e8-4c64-a684-7c545042764d, nextDeadline: Object, deadlineDays: 1, requestsCount: 5} @ webpack-internal:///(app-pages-browser)/./app/dashboard/clients/[id]/client-detail-client.tsx:457
[    3406ms] [LOG] Client short_links: [Object] shortCode: noFpbN portalUrl: null @ webpack-internal:///(app-pages-browser)/./app/dashboard/clients/[id]/client-detail-client.tsx:274
[    3406ms] [LOG] Overview render: {clientId: 7dafcbe3-37e8-4c64-a684-7c545042764d, nextDeadline: Object, deadlineDays: 1, requestsCount: 5} @ webpack-internal:///(app-pages-browser)/./app/dashboard/clients/[id]/client-detail-client.tsx:457
[    3428ms] [LOG] Client short_links: [Object] shortCode: noFpbN portalUrl: http://localhost:3000/m/noFpbN @ webpack-internal:///(app-pages-browser)/./app/dashboard/clients/[id]/client-detail-client.tsx:274
[    3429ms] [LOG] Overview render: {clientId: 7dafcbe3-37e8-4c64-a684-7c545042764d, nextDeadline: Object, deadlineDays: 1, requestsCount: 5} @ webpack-internal:///(app-pages-browser)/./app/dashboard/clients/[id]/client-detail-client.tsx:457
[    3431ms] [LOG] Client short_links: [Object] shortCode: noFpbN portalUrl: http://localhost:3000/m/noFpbN @ webpack-internal:///(app-pages-browser)/./app/dashboard/clients/[id]/client-detail-client.tsx:274
[    3431ms] [LOG] Overview render: {clientId: 7dafcbe3-37e8-4c64-a684-7c545042764d, nextDeadline: Object, deadlineDays: 1, requestsCount: 5} @ webpack-internal:///(app-pages-browser)/./app/dashboard/clients/[id]/client-detail-client.tsx:457
[    3443ms] [LOG] Client short_links: [Object] shortCode: noFpbN portalUrl: http://localhost:3000/m/noFpbN @ webpack-internal:///(app-pages-browser)/./app/dashboard/clients/[id]/client-detail-client.tsx:274
[    3443ms] [LOG] Overview render: {clientId: 7dafcbe3-37e8-4c64-a684-7c545042764d, nextDeadline: Object, deadlineDays: 1, requestsCount: 5} @ webpack-internal:///(app-pages-browser)/./app/dashboard/clients/[id]/client-detail-client.tsx:457
[    3444ms] [LOG] Client short_links: [Object] shortCode: noFpbN portalUrl: http://localhost:3000/m/noFpbN @ webpack-internal:///(app-pages-browser)/./app/dashboard/clients/[id]/client-detail-client.tsx:274
[    3445ms] [LOG] Overview render: {clientId: 7dafcbe3-37e8-4c64-a684-7c545042764d, nextDeadline: Object, deadlineDays: 1, requestsCount: 5} @ webpack-internal:///(app-pages-browser)/./app/dashboard/clients/[id]/client-detail-client.tsx:457
[   62194ms] [LOG] [Fast Refresh] rebuilding @ webpack-internal:///(app-pages-browser)/./node_modules/.pnpm/next@15.5.15_react-dom@19.2.5_react@19.2.5__react@19.2.5/node_modules/next/dist/client/dev/hot-reloader/app/hot-reloader-app.js:196
[   63111ms] [LOG] [Fast Refresh] done in 918ms @ webpack-internal:///(app-pages-browser)/./node_modules/.pnpm/next@15.5.15_react-dom@19.2.5_react@19.2.5__react@19.2.5/node_modules/next/dist/client/dev/report-hmr-latency.js:13
[   63522ms] [LOG] %c%s%c getClientById: background: #e6e6e6;background: light-dark(rgba(0,0,0,0.1), rgba(255,255,255,0.25));color: #000000;color: light-dark(#000000, #ffffff);border-radius: 2px  Server   {id: 7dafcbe3-37e8-4c64-a684-7c545042764d, clientData: Object} @ about://React/Server/webpack-internal:///(rsc)/./lib/data/clients.ts?41:225
[   63522ms] [LOG] %c%s%c Requests fetched: background: #e6e6e6;background: light-dark(rgba(0,0,0,0.1), rgba(255,255,255,0.25));color: #000000;color: light-dark(#000000, #ffffff);border-radius: 2px  Server   {requestsData: Array(5), requestsError: null} @ about://React/Server/webpack-internal:///(rsc)/./lib/data/clients.ts?42:234
[   63522ms] [LOG] %c%s%c Calculated health status: background: #e6e6e6;background: light-dark(rgba(0,0,0,0.1), rgba(255,255,255,0.25));color: #000000;color: light-dark(#000000, #ffffff);border-radius: 2px  Server   Overdue @ about://React/Server/webpack-internal:///(rsc)/./lib/data/clients.ts?43:254
[   63536ms] [LOG] Client short_links: [Object] shortCode: noFpbN portalUrl: http://localhost:3000/m/noFpbN @ webpack-internal:///(app-pages-browser)/./app/dashboard/clients/[id]/client-detail-client.tsx:274
[   63536ms] [LOG] Overview render: {clientId: 7dafcbe3-37e8-4c64-a684-7c545042764d, nextDeadline: Object, deadlineDays: 1, requestsCount: 5} @ webpack-internal:///(app-pages-browser)/./app/dashboard/clients/[id]/client-detail-client.tsx:457
[   63538ms] [LOG] Client short_links: [Object] shortCode: noFpbN portalUrl: http://localhost:3000/m/noFpbN @ webpack-internal:///(app-pages-browser)/./app/dashboard/clients/[id]/client-detail-client.tsx:274
[   63538ms] [LOG] Overview render: {clientId: 7dafcbe3-37e8-4c64-a684-7c545042764d, nextDeadline: Object, deadlineDays: 1, requestsCount: 5} @ webpack-internal:///(app-pages-browser)/./app/dashboard/clients/[id]/client-detail-client.tsx:457
[   67722ms] [INFO] %cDownload the React DevTools for a better development experience: https://react.dev/link/react-devtools font-weight:bold @ webpack-internal:///(app-pages-browser)/./node_modules/.pnpm/next@15.5.15_react-dom@19.2.5_react@19.2.5__react@19.2.5/node_modules/next/dist/compiled/react-dom/cjs/react-dom-client.development.js:25630
[   67742ms] [LOG] %c%s%c getClientById: background: #e6e6e6;background: light-dark(rgba(0,0,0,0.1), rgba(255,255,255,0.25));color: #000000;color: light-dark(#000000, #ffffff);border-radius: 2px  Server   {id: 7dafcbe3-37e8-4c64-a684-7c545042764d, clientData: Object} @ about://React/Server/webpack-internal:///(rsc)/./lib/data/clients.ts?18:225
[   67743ms] [LOG] %c%s%c Requests fetched: background: #e6e6e6;background: light-dark(rgba(0,0,0,0.1), rgba(255,255,255,0.25));color: #000000;color: light-dark(#000000, #ffffff);border-radius: 2px  Server   {requestsData: Array(5), requestsError: null} @ about://React/Server/webpack-internal:///(rsc)/./lib/data/clients.ts?20:234
[   67743ms] [LOG] %c%s%c Calculated health status: background: #e6e6e6;background: light-dark(rgba(0,0,0,0.1), rgba(255,255,255,0.25));color: #000000;color: light-dark(#000000, #ffffff);border-radius: 2px  Server   Overdue @ about://React/Server/webpack-internal:///(rsc)/./lib/data/clients.ts?21:254
[   67773ms] [LOG] Client short_links: [Object] shortCode: noFpbN portalUrl: null @ webpack-internal:///(app-pages-browser)/./app/dashboard/clients/[id]/client-detail-client.tsx:274
[   67773ms] [LOG] Overview render: {clientId: 7dafcbe3-37e8-4c64-a684-7c545042764d, nextDeadline: Object, deadlineDays: 1, requestsCount: 5} @ webpack-internal:///(app-pages-browser)/./app/dashboard/clients/[id]/client-detail-client.tsx:457
[   67774ms] [LOG] Client short_links: [Object] shortCode: noFpbN portalUrl: null @ webpack-internal:///(app-pages-browser)/./app/dashboard/clients/[id]/client-detail-client.tsx:274
[   67774ms] [LOG] Overview render: {clientId: 7dafcbe3-37e8-4c64-a684-7c545042764d, nextDeadline: Object, deadlineDays: 1, requestsCount: 5} @ webpack-internal:///(app-pages-browser)/./app/dashboard/clients/[id]/client-detail-client.tsx:457
[   67800ms] [LOG] Client short_links: [Object] shortCode: noFpbN portalUrl: http://localhost:3000/m/noFpbN @ webpack-internal:///(app-pages-browser)/./app/dashboard/clients/[id]/client-detail-client.tsx:274
[   67800ms] [LOG] Overview render: {clientId: 7dafcbe3-37e8-4c64-a684-7c545042764d, nextDeadline: Object, deadlineDays: 1, requestsCount: 5} @ webpack-internal:///(app-pages-browser)/./app/dashboard/clients/[id]/client-detail-client.tsx:457
[   67801ms] [LOG] Client short_links: [Object] shortCode: noFpbN portalUrl: http://localhost:3000/m/noFpbN @ webpack-internal:///(app-pages-browser)/./app/dashboard/clients/[id]/client-detail-client.tsx:274
[   67802ms] [LOG] Overview render: {clientId: 7dafcbe3-37e8-4c64-a684-7c545042764d, nextDeadline: Object, deadlineDays: 1, requestsCount: 5} @ webpack-internal:///(app-pages-browser)/./app/dashboard/clients/[id]/client-detail-client.tsx:457
[   67813ms] [LOG] Client short_links: [Object] shortCode: noFpbN portalUrl: http://localhost:3000/m/noFpbN @ webpack-internal:///(app-pages-browser)/./app/dashboard/clients/[id]/client-detail-client.tsx:274
[   67813ms] [LOG] Overview render: {clientId: 7dafcbe3-37e8-4c64-a684-7c545042764d, nextDeadline: Object, deadlineDays: 1, requestsCount: 5} @ webpack-internal:///(app-pages-browser)/./app/dashboard/clients/[id]/client-detail-client.tsx:457
[   67814ms] [LOG] Client short_links: [Object] shortCode: noFpbN portalUrl: http://localhost:3000/m/noFpbN @ webpack-internal:///(app-pages-browser)/./app/dashboard/clients/[id]/client-detail-client.tsx:274
[   67814ms] [LOG] Overview render: {clientId: 7dafcbe3-37e8-4c64-a684-7c545042764d, nextDeadline: Object, deadlineDays: 1, requestsCount: 5} @ webpack-internal:///(app-pages-browser)/./app/dashboard/clients/[id]/client-detail-client.tsx:457
[   80583ms] [INFO] %cDownload the React DevTools for a better development experience: https://react.dev/link/react-devtools font-weight:bold @ webpack-internal:///(app-pages-browser)/./node_modules/.pnpm/next@15.5.15_react-dom@19.2.5_react@19.2.5__react@19.2.5/node_modules/next/dist/compiled/react-dom/cjs/react-dom-client.development.js:25630
[   80600ms] [LOG] %c%s%c getClientById: background: #e6e6e6;background: light-dark(rgba(0,0,0,0.1), rgba(255,255,255,0.25));color: #000000;color: light-dark(#000000, #ffffff);border-radius: 2px  Server   {id: 7dafcbe3-37e8-4c64-a684-7c545042764d, clientData: Object} @ about://React/Server/webpack-internal:///(rsc)/./lib/data/clients.ts?18:225
[   80600ms] [LOG] %c%s%c Requests fetched: background: #e6e6e6;background: light-dark(rgba(0,0,0,0.1), rgba(255,255,255,0.25));color: #000000;color: light-dark(#000000, #ffffff);border-radius: 2px  Server   {requestsData: Array(5), requestsError: null} @ about://React/Server/webpack-internal:///(rsc)/./lib/data/clients.ts?20:234
[   80600ms] [LOG] %c%s%c Calculated health status: background: #e6e6e6;background: light-dark(rgba(0,0,0,0.1), rgba(255,255,255,0.25));color: #000000;color: light-dark(#000000, #ffffff);border-radius: 2px  Server   Overdue @ about://React/Server/webpack-internal:///(rsc)/./lib/data/clients.ts?21:254
[   80629ms] [LOG] Client short_links: [Object] shortCode: noFpbN portalUrl: null @ webpack-internal:///(app-pages-browser)/./app/dashboard/clients/[id]/client-detail-client.tsx:274
[   80629ms] [LOG] Overview render: {clientId: 7dafcbe3-37e8-4c64-a684-7c545042764d, nextDeadline: Object, deadlineDays: 1, requestsCount: 5} @ webpack-internal:///(app-pages-browser)/./app/dashboard/clients/[id]/client-detail-client.tsx:457
[   80630ms] [LOG] Client short_links: [Object] shortCode: noFpbN portalUrl: null @ webpack-internal:///(app-pages-browser)/./app/dashboard/clients/[id]/client-detail-client.tsx:274
[   80630ms] [LOG] Overview render: {clientId: 7dafcbe3-37e8-4c64-a684-7c545042764d, nextDeadline: Object, deadlineDays: 1, requestsCount: 5} @ webpack-internal:///(app-pages-browser)/./app/dashboard/clients/[id]/client-detail-client.tsx:457
[   80648ms] [LOG] Client short_links: [Object] shortCode: noFpbN portalUrl: http://localhost:3000/m/noFpbN @ webpack-internal:///(app-pages-browser)/./app/dashboard/clients/[id]/client-detail-client.tsx:274
[   80649ms] [LOG] Overview render: {clientId: 7dafcbe3-37e8-4c64-a684-7c545042764d, nextDeadline: Object, deadlineDays: 1, requestsCount: 5} @ webpack-internal:///(app-pages-browser)/./app/dashboard/clients/[id]/client-detail-client.tsx:457
[   80650ms] [LOG] Client short_links: [Object] shortCode: noFpbN portalUrl: http://localhost:3000/m/noFpbN @ webpack-internal:///(app-pages-browser)/./app/dashboard/clients/[id]/client-detail-client.tsx:274
[   80650ms] [LOG] Overview render: {clientId: 7dafcbe3-37e8-4c64-a684-7c545042764d, nextDeadline: Object, deadlineDays: 1, requestsCount: 5} @ webpack-internal:///(app-pages-browser)/./app/dashboard/clients/[id]/client-detail-client.tsx:457
[   80662ms] [LOG] Client short_links: [Object] shortCode: noFpbN portalUrl: http://localhost:3000/m/noFpbN @ webpack-internal:///(app-pages-browser)/./app/dashboard/clients/[id]/client-detail-client.tsx:274
[   80662ms] [LOG] Overview render: {clientId: 7dafcbe3-37e8-4c64-a684-7c545042764d, nextDeadline: Object, deadlineDays: 1, requestsCount: 5} @ webpack-internal:///(app-pages-browser)/./app/dashboard/clients/[id]/client-detail-client.tsx:457
[   80664ms] [LOG] Client short_links: [Object] shortCode: noFpbN portalUrl: http://localhost:3000/m/noFpbN @ webpack-internal:///(app-pages-browser)/./app/dashboard/clients/[id]/client-detail-client.tsx:274
[   80664ms] [LOG] Overview render: {clientId: 7dafcbe3-37e8-4c64-a684-7c545042764d, nextDeadline: Object, deadlineDays: 1, requestsCount: 5} @ webpack-internal:///(app-pages-browser)/./app/dashboard/clients/[id]/client-detail-client.tsx:457
[  140385ms] [LOG] Client short_links: [Object] shortCode: noFpbN portalUrl: http://localhost:3000/m/noFpbN @ webpack-internal:///(app-pages-browser)/./app/dashboard/clients/[id]/client-detail-client.tsx:274
[  140385ms] [LOG] Overview render: {clientId: 7dafcbe3-37e8-4c64-a684-7c545042764d, nextDeadline: Object, deadlineDays: 1, requestsCount: 5} @ webpack-internal:///(app-pages-browser)/./app/dashboard/clients/[id]/client-detail-client.tsx:457
[  140386ms] [LOG] Client short_links: [Object] shortCode: noFpbN portalUrl: http://localhost:3000/m/noFpbN @ webpack-internal:///(app-pages-browser)/./app/dashboard/clients/[id]/client-detail-client.tsx:274
[  140386ms] [LOG] Overview render: {clientId: 7dafcbe3-37e8-4c64-a684-7c545042764d, nextDeadline: Object, deadlineDays: 1, requestsCount: 5} @ webpack-internal:///(app-pages-browser)/./app/dashboard/clients/[id]/client-detail-client.tsx:457
[  159739ms] [LOG] Client short_links: [Object] shortCode: noFpbN portalUrl: http://localhost:3000/m/noFpbN @ webpack-internal:///(app-pages-browser)/./app/dashboard/clients/[id]/client-detail-client.tsx:274
[  159739ms] [LOG] Overview render: {clientId: 7dafcbe3-37e8-4c64-a684-7c545042764d, nextDeadline: Object, deadlineDays: 1, requestsCount: 5} @ webpack-internal:///(app-pages-browser)/./app/dashboard/clients/[id]/client-detail-client.tsx:457
[  159740ms] [LOG] Client short_links: [Object] shortCode: noFpbN portalUrl: http://localhost:3000/m/noFpbN @ webpack-internal:///(app-pages-browser)/./app/dashboard/clients/[id]/client-detail-client.tsx:274
[  159741ms] [LOG] Overview render: {clientId: 7dafcbe3-37e8-4c64-a684-7c545042764d, nextDeadline: Object, deadlineDays: 1, requestsCount: 5} @ webpack-internal:///(app-pages-browser)/./app/dashboard/clients/[id]/client-detail-client.tsx:457
[  210496ms] [INFO] %cDownload the React DevTools for a better development experience: https://react.dev/link/react-devtools font-weight:bold @ webpack-internal:///(app-pages-browser)/./node_modules/.pnpm/next@15.5.15_react-dom@19.2.5_react@19.2.5__react@19.2.5/node_modules/next/dist/compiled/react-dom/cjs/react-dom-client.development.js:25630
[  210516ms] [LOG] %c%s%c getClientById: background: #e6e6e6;background: light-dark(rgba(0,0,0,0.1), rgba(255,255,255,0.25));color: #000000;color: light-dark(#000000, #ffffff);border-radius: 2px  Server   {id: 7dafcbe3-37e8-4c64-a684-7c545042764d, clientData: Object} @ about://React/Server/webpack-internal:///(rsc)/./lib/data/clients.ts?18:225
[  210516ms] [LOG] %c%s%c Requests fetched: background: #e6e6e6;background: light-dark(rgba(0,0,0,0.1), rgba(255,255,255,0.25));color: #000000;color: light-dark(#000000, #ffffff);border-radius: 2px  Server   {requestsData: Array(5), requestsError: null} @ about://React/Server/webpack-internal:///(rsc)/./lib/data/clients.ts?20:234
[  210516ms] [LOG] %c%s%c Calculated health status: background: #e6e6e6;background: light-dark(rgba(0,0,0,0.1), rgba(255,255,255,0.25));color: #000000;color: light-dark(#000000, #ffffff);border-radius: 2px  Server   Overdue @ about://React/Server/webpack-internal:///(rsc)/./lib/data/clients.ts?21:254
[  210551ms] [LOG] Client short_links: [Object] shortCode: noFpbN portalUrl: null @ webpack-internal:///(app-pages-browser)/./app/dashboard/clients/[id]/client-detail-client.tsx:274
[  210551ms] [LOG] Overview render: {clientId: 7dafcbe3-37e8-4c64-a684-7c545042764d, nextDeadline: Object, deadlineDays: 1, requestsCount: 5} @ webpack-internal:///(app-pages-browser)/./app/dashboard/clients/[id]/client-detail-client.tsx:457
[  210553ms] [LOG] Client short_links: [Object] shortCode: noFpbN portalUrl: null @ webpack-internal:///(app-pages-browser)/./app/dashboard/clients/[id]/client-detail-client.tsx:274
[  210553ms] [LOG] Overview render: {clientId: 7dafcbe3-37e8-4c64-a684-7c545042764d, nextDeadline: Object, deadlineDays: 1, requestsCount: 5} @ webpack-internal:///(app-pages-browser)/./app/dashboard/clients/[id]/client-detail-client.tsx:457
[  210574ms] [LOG] Client short_links: [Object] shortCode: noFpbN portalUrl: http://localhost:3000/m/noFpbN @ webpack-internal:///(app-pages-browser)/./app/dashboard/clients/[id]/client-detail-client.tsx:274
[  210574ms] [LOG] Overview render: {clientId: 7dafcbe3-37e8-4c64-a684-7c545042764d, nextDeadline: Object, deadlineDays: 1, requestsCount: 5} @ webpack-internal:///(app-pages-browser)/./app/dashboard/clients/[id]/client-detail-client.tsx:457
[  210577ms] [LOG] Client short_links: [Object] shortCode: noFpbN portalUrl: http://localhost:3000/m/noFpbN @ webpack-internal:///(app-pages-browser)/./app/dashboard/clients/[id]/client-detail-client.tsx:274
[  210577ms] [LOG] Overview render: {clientId: 7dafcbe3-37e8-4c64-a684-7c545042764d, nextDeadline: Object, deadlineDays: 1, requestsCount: 5} @ webpack-internal:///(app-pages-browser)/./app/dashboard/clients/[id]/client-detail-client.tsx:457
[  210588ms] [LOG] Client short_links: [Object] shortCode: noFpbN portalUrl: http://localhost:3000/m/noFpbN @ webpack-internal:///(app-pages-browser)/./app/dashboard/clients/[id]/client-detail-client.tsx:274
[  210589ms] [LOG] Overview render: {clientId: 7dafcbe3-37e8-4c64-a684-7c545042764d, nextDeadline: Object, deadlineDays: 1, requestsCount: 5} @ webpack-internal:///(app-pages-browser)/./app/dashboard/clients/[id]/client-detail-client.tsx:457
[  210591ms] [LOG] Client short_links: [Object] shortCode: noFpbN portalUrl: http://localhost:3000/m/noFpbN @ webpack-internal:///(app-pages-browser)/./app/dashboard/clients/[id]/client-detail-client.tsx:274
[  210591ms] [LOG] Overview render: {clientId: 7dafcbe3-37e8-4c64-a684-7c545042764d, nextDeadline: Object, deadlineDays: 1, requestsCount: 5} @ webpack-internal:///(app-pages-browser)/./app/dashboard/clients/[id]/client-detail-client.tsx:457
[  245199ms] [LOG] [Fast Refresh] rebuilding @ webpack-internal:///(app-pages-browser)/./node_modules/.pnpm/next@15.5.15_react-dom@19.2.5_react@19.2.5__react@19.2.5/node_modules/next/dist/client/dev/hot-reloader/app/hot-reloader-app.js:196
[  245542ms] [LOG] [Fast Refresh] done in 342ms @ webpack-internal:///(app-pages-browser)/./node_modules/.pnpm/next@15.5.15_react-dom@19.2.5_react@19.2.5__react@19.2.5/node_modules/next/dist/client/dev/report-hmr-latency.js:13
[  246024ms] [LOG] %c%s%c getClientById: background: #e6e6e6;background: light-dark(rgba(0,0,0,0.1), rgba(255,255,255,0.25));color: #000000;color: light-dark(#000000, #ffffff);border-radius: 2px  Server   {id: 7dafcbe3-37e8-4c64-a684-7c545042764d, clientData: Object} @ about://React/Server/webpack-internal:///(rsc)/./lib/data/clients.ts?41:235
[  246027ms] [LOG] %c%s%c Requests fetched: background: #e6e6e6;background: light-dark(rgba(0,0,0,0.1), rgba(255,255,255,0.25));color: #000000;color: light-dark(#000000, #ffffff);border-radius: 2px  Server   {requestsData: Array(5), requestsError: null} @ about://React/Server/webpack-internal:///(rsc)/./lib/data/clients.ts?42:244
[  246027ms] [LOG] %c%s%c Calculated health status: background: #e6e6e6;background: light-dark(rgba(0,0,0,0.1), rgba(255,255,255,0.25));color: #000000;color: light-dark(#000000, #ffffff);border-radius: 2px  Server   Overdue @ about://React/Server/webpack-internal:///(rsc)/./lib/data/clients.ts?43:264
[  246049ms] [LOG] Client short_links: [Object] shortCode: noFpbN portalUrl: http://localhost:3000/m/noFpbN @ webpack-internal:///(app-pages-browser)/./app/dashboard/clients/[id]/client-detail-client.tsx:274
[  246050ms] [LOG] Overview render: {clientId: 7dafcbe3-37e8-4c64-a684-7c545042764d, nextDeadline: Object, deadlineDays: 1, requestsCount: 5} @ webpack-internal:///(app-pages-browser)/./app/dashboard/clients/[id]/client-detail-client.tsx:457
[  246052ms] [LOG] Client short_links: [Object] shortCode: noFpbN portalUrl: http://localhost:3000/m/noFpbN @ webpack-internal:///(app-pages-browser)/./app/dashboard/clients/[id]/client-detail-client.tsx:274
[  246052ms] [LOG] Overview render: {clientId: 7dafcbe3-37e8-4c64-a684-7c545042764d, nextDeadline: Object, deadlineDays: 1, requestsCount: 5} @ webpack-internal:///(app-pages-browser)/./app/dashboard/clients/[id]/client-detail-client.tsx:457
