[    4457ms] [INFO] %cDownload the React DevTools for a better development experience: https://react.dev/link/react-devtools font-weight:bold @ webpack-internal:///(app-pages-browser)/./node_modules/.pnpm/next@15.5.15_react-dom@19.2.5_react@19.2.5__react@19.2.5/node_modules/next/dist/compiled/react-dom/cjs/react-dom-client.development.js:25630
[    4499ms] [LOG] %c%s%c getClientById: background: #e6e6e6;background: light-dark(rgba(0,0,0,0.1), rgba(255,255,255,0.25));color: #000000;color: light-dark(#000000, #ffffff);border-radius: 2px  Server   {id: 7dafcbe3-37e8-4c64-a684-7c545042764d, clientData: Object} @ about://React/Server/webpack-internal:///(rsc)/./lib/data/clients.ts?12:235
[    4500ms] [LOG] %c%s%c Requests fetched: background: #e6e6e6;background: light-dark(rgba(0,0,0,0.1), rgba(255,255,255,0.25));color: #000000;color: light-dark(#000000, #ffffff);border-radius: 2px  Server   {requestsData: Array(5), requestsError: null} @ about://React/Server/webpack-internal:///(rsc)/./lib/data/clients.ts?20:244
[    4500ms] [LOG] %c%s%c Calculated health status: background: #e6e6e6;background: light-dark(rgba(0,0,0,0.1), rgba(255,255,255,0.25));color: #000000;color: light-dark(#000000, #ffffff);border-radius: 2px  Server   Overdue @ about://React/Server/webpack-internal:///(rsc)/./lib/data/clients.ts?21:264
[    4534ms] [LOG] Client short_links: [Object] shortCode: noFpbN portalUrl: null @ webpack-internal:///(app-pages-browser)/./app/dashboard/clients/[id]/client-detail-client.tsx:274
[    4534ms] [LOG] Overview render: {clientId: 7dafcbe3-37e8-4c64-a684-7c545042764d, nextDeadline: Object, deadlineDays: 1, requestsCount: 5} @ webpack-internal:///(app-pages-browser)/./app/dashboard/clients/[id]/client-detail-client.tsx:457
[    4535ms] [LOG] Client short_links: [Object] shortCode: noFpbN portalUrl: null @ webpack-internal:///(app-pages-browser)/./app/dashboard/clients/[id]/client-detail-client.tsx:274
[    4535ms] [LOG] Overview render: {clientId: 7dafcbe3-37e8-4c64-a684-7c545042764d, nextDeadline: Object, deadlineDays: 1, requestsCount: 5} @ webpack-internal:///(app-pages-browser)/./app/dashboard/clients/[id]/client-detail-client.tsx:457
[    4552ms] [LOG] Client short_links: [Object] shortCode: noFpbN portalUrl: http://localhost:3000/m/noFpbN @ webpack-internal:///(app-pages-browser)/./app/dashboard/clients/[id]/client-detail-client.tsx:274
[    4552ms] [LOG] Overview render: {clientId: 7dafcbe3-37e8-4c64-a684-7c545042764d, nextDeadline: Object, deadlineDays: 1, requestsCount: 5} @ webpack-internal:///(app-pages-browser)/./app/dashboard/clients/[id]/client-detail-client.tsx:457
[    4553ms] [LOG] Client short_links: [Object] shortCode: noFpbN portalUrl: http://localhost:3000/m/noFpbN @ webpack-internal:///(app-pages-browser)/./app/dashboard/clients/[id]/client-detail-client.tsx:274
[    4554ms] [LOG] Overview render: {clientId: 7dafcbe3-37e8-4c64-a684-7c545042764d, nextDeadline: Object, deadlineDays: 1, requestsCount: 5} @ webpack-internal:///(app-pages-browser)/./app/dashboard/clients/[id]/client-detail-client.tsx:457
[    4566ms] [LOG] Client short_links: [Object] shortCode: noFpbN portalUrl: http://localhost:3000/m/noFpbN @ webpack-internal:///(app-pages-browser)/./app/dashboard/clients/[id]/client-detail-client.tsx:274
[    4566ms] [LOG] Overview render: {clientId: 7dafcbe3-37e8-4c64-a684-7c545042764d, nextDeadline: Object, deadlineDays: 1, requestsCount: 5} @ webpack-internal:///(app-pages-browser)/./app/dashboard/clients/[id]/client-detail-client.tsx:457
[    4567ms] [LOG] Client short_links: [Object] shortCode: noFpbN portalUrl: http://localhost:3000/m/noFpbN @ webpack-internal:///(app-pages-browser)/./app/dashboard/clients/[id]/client-detail-client.tsx:274
[    4567ms] [LOG] Overview render: {clientId: 7dafcbe3-37e8-4c64-a684-7c545042764d, nextDeadline: Object, deadlineDays: 1, requestsCount: 5} @ webpack-internal:///(app-pages-browser)/./app/dashboard/clients/[id]/client-detail-client.tsx:457
[   34389ms] [INFO] %cDownload the React DevTools for a better development experience: https://react.dev/link/react-devtools font-weight:bold @ webpack-internal:///(app-pages-browser)/./node_modules/.pnpm/next@15.5.15_react-dom@19.2.5_react@19.2.5__react@19.2.5/node_modules/next/dist/compiled/react-dom/cjs/react-dom-client.development.js:25630
[   52130ms] [LOG] [Fast Refresh] rebuilding @ webpack-internal:///(app-pages-browser)/./node_modules/.pnpm/next@15.5.15_react-dom@19.2.5_react@19.2.5__react@19.2.5/node_modules/next/dist/client/dev/hot-reloader/app/hot-reloader-app.js:196
[   52636ms] [LOG] [Fast Refresh] done in 508ms @ webpack-internal:///(app-pages-browser)/./node_modules/.pnpm/next@15.5.15_react-dom@19.2.5_react@19.2.5__react@19.2.5/node_modules/next/dist/client/dev/report-hmr-latency.js:13
[   60830ms] [INFO] %cDownload the React DevTools for a better development experience: https://react.dev/link/react-devtools font-weight:bold @ webpack-internal:///(app-pages-browser)/./node_modules/.pnpm/next@15.5.15_react-dom@19.2.5_react@19.2.5__react@19.2.5/node_modules/next/dist/compiled/react-dom/cjs/react-dom-client.development.js:25630
