[     981ms] [WARNING] One of your code blocks includes unescaped HTML. This is a potentially serious security risk. @ https://csdnimg.cn/release/devpress/public/js/chunk/organization/post/index.877ea3d7.js:14
[     981ms] [WARNING] https://github.com/highlightjs/highlight.js/wiki/security @ https://csdnimg.cn/release/devpress/public/js/chunk/organization/post/index.877ea3d7.js:14
[     981ms] [WARNING] The element with unescaped HTML: @ https://csdnimg.cn/release/devpress/public/js/chunk/organization/post/index.877ea3d7.js:14
[     981ms] [WARNING] JSHandle@node @ https://csdnimg.cn/release/devpress/public/js/chunk/organization/post/index.877ea3d7.js:14
[    1007ms] [WARNING] One of your code blocks includes unescaped HTML. This is a potentially serious security risk. @ https://csdnimg.cn/release/devpress/public/js/chunk/organization/post/index.877ea3d7.js:14
[    1007ms] [WARNING] https://github.com/highlightjs/highlight.js/wiki/security @ https://csdnimg.cn/release/devpress/public/js/chunk/organization/post/index.877ea3d7.js:14
[    1007ms] [WARNING] The element with unescaped HTML: @ https://csdnimg.cn/release/devpress/public/js/chunk/organization/post/index.877ea3d7.js:14
[    1007ms] [WARNING] JSHandle@node @ https://csdnimg.cn/release/devpress/public/js/chunk/organization/post/index.877ea3d7.js:14
[    1009ms] [WARNING] One of your code blocks includes unescaped HTML. This is a potentially serious security risk. @ https://csdnimg.cn/release/devpress/public/js/chunk/organization/post/index.877ea3d7.js:14
[    1009ms] [WARNING] https://github.com/highlightjs/highlight.js/wiki/security @ https://csdnimg.cn/release/devpress/public/js/chunk/organization/post/index.877ea3d7.js:14
[    1009ms] [WARNING] The element with unescaped HTML: @ https://csdnimg.cn/release/devpress/public/js/chunk/organization/post/index.877ea3d7.js:14
[    1009ms] [WARNING] JSHandle@node @ https://csdnimg.cn/release/devpress/public/js/chunk/organization/post/index.877ea3d7.js:14
[    1019ms] [WARNING] One of your code blocks includes unescaped HTML. This is a potentially serious security risk. @ https://csdnimg.cn/release/devpress/public/js/chunk/organization/post/index.877ea3d7.js:14
[    1019ms] [WARNING] https://github.com/highlightjs/highlight.js/wiki/security @ https://csdnimg.cn/release/devpress/public/js/chunk/organization/post/index.877ea3d7.js:14
[    1019ms] [WARNING] The element with unescaped HTML: @ https://csdnimg.cn/release/devpress/public/js/chunk/organization/post/index.877ea3d7.js:14
[    1019ms] [WARNING] JSHandle@node @ https://csdnimg.cn/release/devpress/public/js/chunk/organization/post/index.877ea3d7.js:14
[    1020ms] [WARNING] One of your code blocks includes unescaped HTML. This is a potentially serious security risk. @ https://csdnimg.cn/release/devpress/public/js/chunk/organization/post/index.877ea3d7.js:14
[    1020ms] [WARNING] https://github.com/highlightjs/highlight.js/wiki/security @ https://csdnimg.cn/release/devpress/public/js/chunk/organization/post/index.877ea3d7.js:14
[    1020ms] [WARNING] The element with unescaped HTML: @ https://csdnimg.cn/release/devpress/public/js/chunk/organization/post/index.877ea3d7.js:14
[    1020ms] [WARNING] JSHandle@node @ https://csdnimg.cn/release/devpress/public/js/chunk/organization/post/index.877ea3d7.js:14
[    1136ms] [WARNING] One of your code blocks includes unescaped HTML. This is a potentially serious security risk. @ https://csdnimg.cn/release/devpress/public/js/chunk/organization/post/index.877ea3d7.js:14
[    1136ms] [WARNING] https://github.com/highlightjs/highlight.js/wiki/security @ https://csdnimg.cn/release/devpress/public/js/chunk/organization/post/index.877ea3d7.js:14
[    1136ms] [WARNING] The element with unescaped HTML: @ https://csdnimg.cn/release/devpress/public/js/chunk/organization/post/index.877ea3d7.js:14
[    1136ms] [WARNING] JSHandle@node @ https://csdnimg.cn/release/devpress/public/js/chunk/organization/post/index.877ea3d7.js:14
[    1136ms] [WARNING] One of your code blocks includes unescaped HTML. This is a potentially serious security risk. @ https://csdnimg.cn/release/devpress/public/js/chunk/organization/post/index.877ea3d7.js:14
[    1136ms] [WARNING] https://github.com/highlightjs/highlight.js/wiki/security @ https://csdnimg.cn/release/devpress/public/js/chunk/organization/post/index.877ea3d7.js:14
[    1136ms] [WARNING] The element with unescaped HTML: @ https://csdnimg.cn/release/devpress/public/js/chunk/organization/post/index.877ea3d7.js:14
[    1136ms] [WARNING] JSHandle@node @ https://csdnimg.cn/release/devpress/public/js/chunk/organization/post/index.877ea3d7.js:14
[    1138ms] [WARNING] One of your code blocks includes unescaped HTML. This is a potentially serious security risk. @ https://csdnimg.cn/release/devpress/public/js/chunk/organization/post/index.877ea3d7.js:14
[    1138ms] [WARNING] https://github.com/highlightjs/highlight.js/wiki/security @ https://csdnimg.cn/release/devpress/public/js/chunk/organization/post/index.877ea3d7.js:14
[    1138ms] [WARNING] The element with unescaped HTML: @ https://csdnimg.cn/release/devpress/public/js/chunk/organization/post/index.877ea3d7.js:14
[    1138ms] [WARNING] JSHandle@node @ https://csdnimg.cn/release/devpress/public/js/chunk/organization/post/index.877ea3d7.js:14
[    1139ms] [WARNING] One of your code blocks includes unescaped HTML. This is a potentially serious security risk. @ https://csdnimg.cn/release/devpress/public/js/chunk/organization/post/index.877ea3d7.js:14
[    1139ms] [WARNING] https://github.com/highlightjs/highlight.js/wiki/security @ https://csdnimg.cn/release/devpress/public/js/chunk/organization/post/index.877ea3d7.js:14
[    1139ms] [WARNING] The element with unescaped HTML: @ https://csdnimg.cn/release/devpress/public/js/chunk/organization/post/index.877ea3d7.js:14
[    1139ms] [WARNING] JSHandle@node @ https://csdnimg.cn/release/devpress/public/js/chunk/organization/post/index.877ea3d7.js:14
[    1140ms] [WARNING] One of your code blocks includes unescaped HTML. This is a potentially serious security risk. @ https://csdnimg.cn/release/devpress/public/js/chunk/organization/post/index.877ea3d7.js:14
[    1140ms] [WARNING] https://github.com/highlightjs/highlight.js/wiki/security @ https://csdnimg.cn/release/devpress/public/js/chunk/organization/post/index.877ea3d7.js:14
[    1140ms] [WARNING] The element with unescaped HTML: @ https://csdnimg.cn/release/devpress/public/js/chunk/organization/post/index.877ea3d7.js:14
[    1140ms] [WARNING] JSHandle@node @ https://csdnimg.cn/release/devpress/public/js/chunk/organization/post/index.877ea3d7.js:14
[    1140ms] [WARNING] One of your code blocks includes unescaped HTML. This is a potentially serious security risk. @ https://csdnimg.cn/release/devpress/public/js/chunk/organization/post/index.877ea3d7.js:14
[    1140ms] [WARNING] https://github.com/highlightjs/highlight.js/wiki/security @ https://csdnimg.cn/release/devpress/public/js/chunk/organization/post/index.877ea3d7.js:14
[    1140ms] [WARNING] The element with unescaped HTML: @ https://csdnimg.cn/release/devpress/public/js/chunk/organization/post/index.877ea3d7.js:14
[    1140ms] [WARNING] JSHandle@node @ https://csdnimg.cn/release/devpress/public/js/chunk/organization/post/index.877ea3d7.js:14
[    2432ms] [WARNING] <meta name="apple-mobile-web-app-capable" content="yes"> is deprecated. Please include <meta name="mobile-web-app-capable" content="yes"> @ https://adg.csdn.net/69a286f00a2f6a37c5942412.html:0
[    7683ms] [LOG] this.articleReadSetup.action==== 5 @ https://csdnimg.cn/release/devpress/public/js/chunk/organization/post/index.877ea3d7.js:0
