[    1014ms] [INFO] %cDownload the React DevTools for a better development experience: https://react.dev/link/react-devtools font-weight:bold @ webpack-internal:///(app-pages-browser)/./node_modules/.pnpm/next@15.5.15_react-dom@19.2.5_react@19.2.5__react@19.2.5/node_modules/next/dist/compiled/react-dom/cjs/react-dom-client.development.js:25630
[    1036ms] [LOG] %c%s%c getClientById: background: #e6e6e6;background: light-dark(rgba(0,0,0,0.1), rgba(255,255,255,0.25));color: #000000;color: light-dark(#000000, #ffffff);border-radius: 2px  Server   {id: 7dafcbe3-37e8-4c64-a684-7c545042764d, clientData: Object} @ about://React/Server/webpack-internal:///(rsc)/./lib/data/clients.ts?18:237
[    1036ms] [LOG] %c%s%c Requests fetched: background: #e6e6e6;background: light-dark(rgba(0,0,0,0.1), rgba(255,255,255,0.25));color: #000000;color: light-dark(#000000, #ffffff);border-radius: 2px  Server   {requestsData: Array(5), requestsError: null} @ about://React/Server/webpack-internal:///(rsc)/./lib/data/clients.ts?20:246
[    1036ms] [LOG] %c%s%c Calculated health status: background: #e6e6e6;background: light-dark(rgba(0,0,0,0.1), rgba(255,255,255,0.25));color: #000000;color: light-dark(#000000, #ffffff);border-radius: 2px  Server   Overdue @ about://React/Server/webpack-internal:///(rsc)/./lib/data/clients.ts?21:266
[    1065ms] [LOG] Client short_links: [Object] shortCode: noFpbN portalUrl: null @ webpack-internal:///(app-pages-browser)/./app/dashboard/clients/[id]/client-detail-client.tsx:274
[    1065ms] [LOG] Overview render: {clientId: 7dafcbe3-37e8-4c64-a684-7c545042764d, nextDeadline: Object, deadlineDays: 1, requestsCount: 5} @ webpack-internal:///(app-pages-browser)/./app/dashboard/clients/[id]/client-detail-client.tsx:457
[    1066ms] [LOG] Client short_links: [Object] shortCode: noFpbN portalUrl: null @ webpack-internal:///(app-pages-browser)/./app/dashboard/clients/[id]/client-detail-client.tsx:274
[    1066ms] [LOG] Overview render: {clientId: 7dafcbe3-37e8-4c64-a684-7c545042764d, nextDeadline: Object, deadlineDays: 1, requestsCount: 5} @ webpack-internal:///(app-pages-browser)/./app/dashboard/clients/[id]/client-detail-client.tsx:457
[    1081ms] [LOG] Client short_links: [Object] shortCode: noFpbN portalUrl: http://localhost:3000/m/noFpbN @ webpack-internal:///(app-pages-browser)/./app/dashboard/clients/[id]/client-detail-client.tsx:274
[    1081ms] [LOG] Overview render: {clientId: 7dafcbe3-37e8-4c64-a684-7c545042764d, nextDeadline: Object, deadlineDays: 1, requestsCount: 5} @ webpack-internal:///(app-pages-browser)/./app/dashboard/clients/[id]/client-detail-client.tsx:457
[    1082ms] [LOG] Client short_links: [Object] shortCode: noFpbN portalUrl: http://localhost:3000/m/noFpbN @ webpack-internal:///(app-pages-browser)/./app/dashboard/clients/[id]/client-detail-client.tsx:274
[    1082ms] [LOG] Overview render: {clientId: 7dafcbe3-37e8-4c64-a684-7c545042764d, nextDeadline: Object, deadlineDays: 1, requestsCount: 5} @ webpack-internal:///(app-pages-browser)/./app/dashboard/clients/[id]/client-detail-client.tsx:457
[    1093ms] [LOG] Client short_links: [Object] shortCode: noFpbN portalUrl: http://localhost:3000/m/noFpbN @ webpack-internal:///(app-pages-browser)/./app/dashboard/clients/[id]/client-detail-client.tsx:274
[    1093ms] [LOG] Overview render: {clientId: 7dafcbe3-37e8-4c64-a684-7c545042764d, nextDeadline: Object, deadlineDays: 1, requestsCount: 5} @ webpack-internal:///(app-pages-browser)/./app/dashboard/clients/[id]/client-detail-client.tsx:457
[    1096ms] [LOG] Client short_links: [Object] shortCode: noFpbN portalUrl: http://localhost:3000/m/noFpbN @ webpack-internal:///(app-pages-browser)/./app/dashboard/clients/[id]/client-detail-client.tsx:274
[    1096ms] [LOG] Overview render: {clientId: 7dafcbe3-37e8-4c64-a684-7c545042764d, nextDeadline: Object, deadlineDays: 1, requestsCount: 5} @ webpack-internal:///(app-pages-browser)/./app/dashboard/clients/[id]/client-detail-client.tsx:457
[   70702ms] [LOG] [Fast Refresh] rebuilding @ webpack-internal:///(app-pages-browser)/./node_modules/.pnpm/next@15.5.15_react-dom@19.2.5_react@19.2.5__react@19.2.5/node_modules/next/dist/client/dev/hot-reloader/app/hot-reloader-app.js:196
[   71253ms] [LOG] [Fast Refresh] done in 551ms @ webpack-internal:///(app-pages-browser)/./node_modules/.pnpm/next@15.5.15_react-dom@19.2.5_react@19.2.5__react@19.2.5/node_modules/next/dist/client/dev/report-hmr-latency.js:13
[   71744ms] [LOG] %c%s%c getClientById: background: #e6e6e6;background: light-dark(rgba(0,0,0,0.1), rgba(255,255,255,0.25));color: #000000;color: light-dark(#000000, #ffffff);border-radius: 2px  Server   {id: 7dafcbe3-37e8-4c64-a684-7c545042764d, clientData: Object} @ about://React/Server/webpack-internal:///(rsc)/./lib/data/clients.ts?18:237
[   71744ms] [LOG] %c%s%c Requests fetched: background: #e6e6e6;background: light-dark(rgba(0,0,0,0.1), rgba(255,255,255,0.25));color: #000000;color: light-dark(#000000, #ffffff);border-radius: 2px  Server   {requestsData: Array(5), requestsError: null} @ about://React/Server/webpack-internal:///(rsc)/./lib/data/clients.ts?20:246
[   71744ms] [LOG] %c%s%c Calculated health status: background: #e6e6e6;background: light-dark(rgba(0,0,0,0.1), rgba(255,255,255,0.25));color: #000000;color: light-dark(#000000, #ffffff);border-radius: 2px  Server   Overdue @ about://React/Server/webpack-internal:///(rsc)/./lib/data/clients.ts?41:269
[   71756ms] [LOG] Client short_links: [Object] shortCode: noFpbN portalUrl: http://localhost:3000/m/noFpbN @ webpack-internal:///(app-pages-browser)/./app/dashboard/clients/[id]/client-detail-client.tsx:274
[   71756ms] [LOG] Overview render: {clientId: 7dafcbe3-37e8-4c64-a684-7c545042764d, nextDeadline: Object, deadlineDays: 1, requestsCount: 5} @ webpack-internal:///(app-pages-browser)/./app/dashboard/clients/[id]/client-detail-client.tsx:457
[   71758ms] [LOG] Client short_links: [Object] shortCode: noFpbN portalUrl: http://localhost:3000/m/noFpbN @ webpack-internal:///(app-pages-browser)/./app/dashboard/clients/[id]/client-detail-client.tsx:274
[   71758ms] [LOG] Overview render: {clientId: 7dafcbe3-37e8-4c64-a684-7c545042764d, nextDeadline: Object, deadlineDays: 1, requestsCount: 5} @ webpack-internal:///(app-pages-browser)/./app/dashboard/clients/[id]/client-detail-client.tsx:457
[   79793ms] [INFO] %cDownload the React DevTools for a better development experience: https://react.dev/link/react-devtools font-weight:bold @ webpack-internal:///(app-pages-browser)/./node_modules/.pnpm/next@15.5.15_react-dom@19.2.5_react@19.2.5__react@19.2.5/node_modules/next/dist/compiled/react-dom/cjs/react-dom-client.development.js:25630
[   79812ms] [LOG] %c%s%c getClientById: background: #e6e6e6;background: light-dark(rgba(0,0,0,0.1), rgba(255,255,255,0.25));color: #000000;color: light-dark(#000000, #ffffff);border-radius: 2px  Server   {id: 7dafcbe3-37e8-4c64-a684-7c545042764d, clientData: Object} @ about://React/Server/webpack-internal:///(rsc)/./lib/data/clients.ts?18:237
[   79812ms] [LOG] %c%s%c Requests fetched: background: #e6e6e6;background: light-dark(rgba(0,0,0,0.1), rgba(255,255,255,0.25));color: #000000;color: light-dark(#000000, #ffffff);border-radius: 2px  Server   {requestsData: Array(5), requestsError: null} @ about://React/Server/webpack-internal:///(rsc)/./lib/data/clients.ts?20:246
[   79812ms] [LOG] %c%s%c Calculated health status: background: #e6e6e6;background: light-dark(rgba(0,0,0,0.1), rgba(255,255,255,0.25));color: #000000;color: light-dark(#000000, #ffffff);border-radius: 2px  Server   Overdue @ about://React/Server/webpack-internal:///(rsc)/./lib/data/clients.ts?21:269
[   79839ms] [LOG] Client short_links: [Object] shortCode: noFpbN portalUrl: null @ webpack-internal:///(app-pages-browser)/./app/dashboard/clients/[id]/client-detail-client.tsx:274
[   79839ms] [LOG] Overview render: {clientId: 7dafcbe3-37e8-4c64-a684-7c545042764d, nextDeadline: Object, deadlineDays: 1, requestsCount: 5} @ webpack-internal:///(app-pages-browser)/./app/dashboard/clients/[id]/client-detail-client.tsx:457
[   79841ms] [LOG] Client short_links: [Object] shortCode: noFpbN portalUrl: null @ webpack-internal:///(app-pages-browser)/./app/dashboard/clients/[id]/client-detail-client.tsx:274
[   79841ms] [LOG] Overview render: {clientId: 7dafcbe3-37e8-4c64-a684-7c545042764d, nextDeadline: Object, deadlineDays: 1, requestsCount: 5} @ webpack-internal:///(app-pages-browser)/./app/dashboard/clients/[id]/client-detail-client.tsx:457
[   79858ms] [LOG] Client short_links: [Object] shortCode: noFpbN portalUrl: http://localhost:3000/m/noFpbN @ webpack-internal:///(app-pages-browser)/./app/dashboard/clients/[id]/client-detail-client.tsx:274
[   79858ms] [LOG] Overview render: {clientId: 7dafcbe3-37e8-4c64-a684-7c545042764d, nextDeadline: Object, deadlineDays: 1, requestsCount: 5} @ webpack-internal:///(app-pages-browser)/./app/dashboard/clients/[id]/client-detail-client.tsx:457
[   79859ms] [LOG] Client short_links: [Object] shortCode: noFpbN portalUrl: http://localhost:3000/m/noFpbN @ webpack-internal:///(app-pages-browser)/./app/dashboard/clients/[id]/client-detail-client.tsx:274
[   79859ms] [LOG] Overview render: {clientId: 7dafcbe3-37e8-4c64-a684-7c545042764d, nextDeadline: Object, deadlineDays: 1, requestsCount: 5} @ webpack-internal:///(app-pages-browser)/./app/dashboard/clients/[id]/client-detail-client.tsx:457
[   79871ms] [LOG] Client short_links: [Object] shortCode: noFpbN portalUrl: http://localhost:3000/m/noFpbN @ webpack-internal:///(app-pages-browser)/./app/dashboard/clients/[id]/client-detail-client.tsx:274
[   79871ms] [LOG] Overview render: {clientId: 7dafcbe3-37e8-4c64-a684-7c545042764d, nextDeadline: Object, deadlineDays: 1, requestsCount: 5} @ webpack-internal:///(app-pages-browser)/./app/dashboard/clients/[id]/client-detail-client.tsx:457
[   79872ms] [LOG] Client short_links: [Object] shortCode: noFpbN portalUrl: http://localhost:3000/m/noFpbN @ webpack-internal:///(app-pages-browser)/./app/dashboard/clients/[id]/client-detail-client.tsx:274
[   79872ms] [LOG] Overview render: {clientId: 7dafcbe3-37e8-4c64-a684-7c545042764d, nextDeadline: Object, deadlineDays: 1, requestsCount: 5} @ webpack-internal:///(app-pages-browser)/./app/dashboard/clients/[id]/client-detail-client.tsx:457
[   96142ms] [LOG] [Fast Refresh] rebuilding @ webpack-internal:///(app-pages-browser)/./node_modules/.pnpm/next@15.5.15_react-dom@19.2.5_react@19.2.5__react@19.2.5/node_modules/next/dist/client/dev/hot-reloader/app/hot-reloader-app.js:196
[   96455ms] [LOG] [Fast Refresh] done in 313ms @ webpack-internal:///(app-pages-browser)/./node_modules/.pnpm/next@15.5.15_react-dom@19.2.5_react@19.2.5__react@19.2.5/node_modules/next/dist/client/dev/report-hmr-latency.js:13
[   96835ms] [LOG] %c%s%c getClientById: background: #e6e6e6;background: light-dark(rgba(0,0,0,0.1), rgba(255,255,255,0.25));color: #000000;color: light-dark(#000000, #ffffff);border-radius: 2px  Server   {id: 7dafcbe3-37e8-4c64-a684-7c545042764d, clientData: Object} @ about://React/Server/webpack-internal:///(rsc)/./lib/data/clients.ts?41:254
[   96835ms] [LOG] %c%s%c Requests fetched: background: #e6e6e6;background: light-dark(rgba(0,0,0,0.1), rgba(255,255,255,0.25));color: #000000;color: light-dark(#000000, #ffffff);border-radius: 2px  Server   {requestsData: Array(5), requestsError: null} @ about://React/Server/webpack-internal:///(rsc)/./lib/data/clients.ts?42:263
[   96835ms] [LOG] %c%s%c calculateHealthStatus debug: background: #e6e6e6;background: light-dark(rgba(0,0,0,0.1), rgba(255,255,255,0.25));color: #000000;color: light-dark(#000000, #ffffff);border-radius: 2px  Server   {todayStr: 2026-04-14, requests: Array(5)} @ about://React/Server/webpack-internal:///(rsc)/./lib/data/clients.ts?43:83
[   96835ms] [LOG] %c%s%c calculateHealthStatus filtered: background: #e6e6e6;background: light-dark(rgba(0,0,0,0.1), rgba(255,255,255,0.25));color: #000000;color: light-dark(#000000, #ffffff);border-radius: 2px  Server   {pendingRequests: Array(4), overdueRequests: Array(1)} @ about://React/Server/webpack-internal:///(rsc)/./lib/data/clients.ts?45:93
[   96835ms] [LOG] %c%s%c Calculated health status: background: #e6e6e6;background: light-dark(rgba(0,0,0,0.1), rgba(255,255,255,0.25));color: #000000;color: light-dark(#000000, #ffffff);border-radius: 2px  Server   Overdue @ about://React/Server/webpack-internal:///(rsc)/./lib/data/clients.ts?46:286
[   96846ms] [LOG] Client short_links: [Object] shortCode: noFpbN portalUrl: http://localhost:3000/m/noFpbN @ webpack-internal:///(app-pages-browser)/./app/dashboard/clients/[id]/client-detail-client.tsx:274
[   96846ms] [LOG] Overview render: {clientId: 7dafcbe3-37e8-4c64-a684-7c545042764d, nextDeadline: Object, deadlineDays: 1, requestsCount: 5} @ webpack-internal:///(app-pages-browser)/./app/dashboard/clients/[id]/client-detail-client.tsx:457
[   96847ms] [LOG] Client short_links: [Object] shortCode: noFpbN portalUrl: http://localhost:3000/m/noFpbN @ webpack-internal:///(app-pages-browser)/./app/dashboard/clients/[id]/client-detail-client.tsx:274
[   96848ms] [LOG] Overview render: {clientId: 7dafcbe3-37e8-4c64-a684-7c545042764d, nextDeadline: Object, deadlineDays: 1, requestsCount: 5} @ webpack-internal:///(app-pages-browser)/./app/dashboard/clients/[id]/client-detail-client.tsx:457
[  104610ms] [INFO] %cDownload the React DevTools for a better development experience: https://react.dev/link/react-devtools font-weight:bold @ webpack-internal:///(app-pages-browser)/./node_modules/.pnpm/next@15.5.15_react-dom@19.2.5_react@19.2.5__react@19.2.5/node_modules/next/dist/compiled/react-dom/cjs/react-dom-client.development.js:25630
[  104632ms] [LOG] %c%s%c getClientById: background: #e6e6e6;background: light-dark(rgba(0,0,0,0.1), rgba(255,255,255,0.25));color: #000000;color: light-dark(#000000, #ffffff);border-radius: 2px  Server   {id: 7dafcbe3-37e8-4c64-a684-7c545042764d, clientData: Object} @ about://React/Server/webpack-internal:///(rsc)/./lib/data/clients.ts?12:254
[  104633ms] [LOG] %c%s%c Requests fetched: background: #e6e6e6;background: light-dark(rgba(0,0,0,0.1), rgba(255,255,255,0.25));color: #000000;color: light-dark(#000000, #ffffff);border-radius: 2px  Server   {requestsData: Array(5), requestsError: null} @ about://React/Server/webpack-internal:///(rsc)/./lib/data/clients.ts?20:263
[  104633ms] [LOG] %c%s%c calculateHealthStatus debug: background: #e6e6e6;background: light-dark(rgba(0,0,0,0.1), rgba(255,255,255,0.25));color: #000000;color: light-dark(#000000, #ffffff);border-radius: 2px  Server   {todayStr: 2026-04-14, requests: Array(5)} @ about://React/Server/webpack-internal:///(rsc)/./lib/data/clients.ts?21:83
[  104633ms] [LOG] %c%s%c calculateHealthStatus filtered: background: #e6e6e6;background: light-dark(rgba(0,0,0,0.1), rgba(255,255,255,0.25));color: #000000;color: light-dark(#000000, #ffffff);border-radius: 2px  Server   {pendingRequests: Array(4), overdueRequests: Array(1)} @ about://React/Server/webpack-internal:///(rsc)/./lib/data/clients.ts?23:93
[  104633ms] [LOG] %c%s%c Calculated health status: background: #e6e6e6;background: light-dark(rgba(0,0,0,0.1), rgba(255,255,255,0.25));color: #000000;color: light-dark(#000000, #ffffff);border-radius: 2px  Server   Overdue @ about://React/Server/webpack-internal:///(rsc)/./lib/data/clients.ts?24:286
[  104656ms] [LOG] Client short_links: [Object] shortCode: noFpbN portalUrl: null @ webpack-internal:///(app-pages-browser)/./app/dashboard/clients/[id]/client-detail-client.tsx:274
[  104657ms] [LOG] Overview render: {clientId: 7dafcbe3-37e8-4c64-a684-7c545042764d, nextDeadline: Object, deadlineDays: 1, requestsCount: 5} @ webpack-internal:///(app-pages-browser)/./app/dashboard/clients/[id]/client-detail-client.tsx:457
[  104658ms] [LOG] Client short_links: [Object] shortCode: noFpbN portalUrl: null @ webpack-internal:///(app-pages-browser)/./app/dashboard/clients/[id]/client-detail-client.tsx:274
[  104658ms] [LOG] Overview render: {clientId: 7dafcbe3-37e8-4c64-a684-7c545042764d, nextDeadline: Object, deadlineDays: 1, requestsCount: 5} @ webpack-internal:///(app-pages-browser)/./app/dashboard/clients/[id]/client-detail-client.tsx:457
[  104680ms] [LOG] Client short_links: [Object] shortCode: noFpbN portalUrl: http://localhost:3000/m/noFpbN @ webpack-internal:///(app-pages-browser)/./app/dashboard/clients/[id]/client-detail-client.tsx:274
[  104681ms] [LOG] Overview render: {clientId: 7dafcbe3-37e8-4c64-a684-7c545042764d, nextDeadline: Object, deadlineDays: 1, requestsCount: 5} @ webpack-internal:///(app-pages-browser)/./app/dashboard/clients/[id]/client-detail-client.tsx:457
[  104682ms] [LOG] Client short_links: [Object] shortCode: noFpbN portalUrl: http://localhost:3000/m/noFpbN @ webpack-internal:///(app-pages-browser)/./app/dashboard/clients/[id]/client-detail-client.tsx:274
[  104682ms] [LOG] Overview render: {clientId: 7dafcbe3-37e8-4c64-a684-7c545042764d, nextDeadline: Object, deadlineDays: 1, requestsCount: 5} @ webpack-internal:///(app-pages-browser)/./app/dashboard/clients/[id]/client-detail-client.tsx:457
[  104693ms] [LOG] Client short_links: [Object] shortCode: noFpbN portalUrl: http://localhost:3000/m/noFpbN @ webpack-internal:///(app-pages-browser)/./app/dashboard/clients/[id]/client-detail-client.tsx:274
[  104693ms] [LOG] Overview render: {clientId: 7dafcbe3-37e8-4c64-a684-7c545042764d, nextDeadline: Object, deadlineDays: 1, requestsCount: 5} @ webpack-internal:///(app-pages-browser)/./app/dashboard/clients/[id]/client-detail-client.tsx:457
[  104695ms] [LOG] Client short_links: [Object] shortCode: noFpbN portalUrl: http://localhost:3000/m/noFpbN @ webpack-internal:///(app-pages-browser)/./app/dashboard/clients/[id]/client-detail-client.tsx:274
[  104695ms] [LOG] Overview render: {clientId: 7dafcbe3-37e8-4c64-a684-7c545042764d, nextDeadline: Object, deadlineDays: 1, requestsCount: 5} @ webpack-internal:///(app-pages-browser)/./app/dashboard/clients/[id]/client-detail-client.tsx:457
[  161544ms] [INFO] %cDownload the React DevTools for a better development experience: https://react.dev/link/react-devtools font-weight:bold @ webpack-internal:///(app-pages-browser)/./node_modules/.pnpm/next@15.5.15_react-dom@19.2.5_react@19.2.5__react@19.2.5/node_modules/next/dist/compiled/react-dom/cjs/react-dom-client.development.js:25630
[  161564ms] [LOG] %c%s%c getClientById: background: #e6e6e6;background: light-dark(rgba(0,0,0,0.1), rgba(255,255,255,0.25));color: #000000;color: light-dark(#000000, #ffffff);border-radius: 2px  Server   {id: 7dafcbe3-37e8-4c64-a684-7c545042764d, clientData: Object} @ about://React/Server/webpack-internal:///(rsc)/./lib/data/clients.ts?18:254
[  161564ms] [LOG] %c%s%c Requests fetched: background: #e6e6e6;background: light-dark(rgba(0,0,0,0.1), rgba(255,255,255,0.25));color: #000000;color: light-dark(#000000, #ffffff);border-radius: 2px  Server   {requestsData: Array(5), requestsError: null} @ about://React/Server/webpack-internal:///(rsc)/./lib/data/clients.ts?20:263
[  161564ms] [LOG] %c%s%c calculateHealthStatus debug: background: #e6e6e6;background: light-dark(rgba(0,0,0,0.1), rgba(255,255,255,0.25));color: #000000;color: light-dark(#000000, #ffffff);border-radius: 2px  Server   {todayStr: 2026-04-14, requests: Array(5)} @ about://React/Server/webpack-internal:///(rsc)/./lib/data/clients.ts?21:83
[  161564ms] [LOG] %c%s%c calculateHealthStatus filtered: background: #e6e6e6;background: light-dark(rgba(0,0,0,0.1), rgba(255,255,255,0.25));color: #000000;color: light-dark(#000000, #ffffff);border-radius: 2px  Server   {pendingRequests: Array(4), overdueRequests: Array(1)} @ about://React/Server/webpack-internal:///(rsc)/./lib/data/clients.ts?23:93
[  161564ms] [LOG] %c%s%c Calculated health status: background: #e6e6e6;background: light-dark(rgba(0,0,0,0.1), rgba(255,255,255,0.25));color: #000000;color: light-dark(#000000, #ffffff);border-radius: 2px  Server   Overdue @ about://React/Server/webpack-internal:///(rsc)/./lib/data/clients.ts?24:286
[  161590ms] [LOG] Client short_links: [Object] shortCode: noFpbN portalUrl: null @ webpack-internal:///(app-pages-browser)/./app/dashboard/clients/[id]/client-detail-client.tsx:274
[  161590ms] [LOG] Overview render: {clientId: 7dafcbe3-37e8-4c64-a684-7c545042764d, nextDeadline: Object, deadlineDays: 1, requestsCount: 5} @ webpack-internal:///(app-pages-browser)/./app/dashboard/clients/[id]/client-detail-client.tsx:457
[  161591ms] [LOG] Client short_links: [Object] shortCode: noFpbN portalUrl: null @ webpack-internal:///(app-pages-browser)/./app/dashboard/clients/[id]/client-detail-client.tsx:274
[  161591ms] [LOG] Overview render: {clientId: 7dafcbe3-37e8-4c64-a684-7c545042764d, nextDeadline: Object, deadlineDays: 1, requestsCount: 5} @ webpack-internal:///(app-pages-browser)/./app/dashboard/clients/[id]/client-detail-client.tsx:457
[  161606ms] [LOG] Client short_links: [Object] shortCode: noFpbN portalUrl: http://localhost:3000/m/noFpbN @ webpack-internal:///(app-pages-browser)/./app/dashboard/clients/[id]/client-detail-client.tsx:274
[  161607ms] [LOG] Overview render: {clientId: 7dafcbe3-37e8-4c64-a684-7c545042764d, nextDeadline: Object, deadlineDays: 1, requestsCount: 5} @ webpack-internal:///(app-pages-browser)/./app/dashboard/clients/[id]/client-detail-client.tsx:457
[  161608ms] [LOG] Client short_links: [Object] shortCode: noFpbN portalUrl: http://localhost:3000/m/noFpbN @ webpack-internal:///(app-pages-browser)/./app/dashboard/clients/[id]/client-detail-client.tsx:274
[  161608ms] [LOG] Overview render: {clientId: 7dafcbe3-37e8-4c64-a684-7c545042764d, nextDeadline: Object, deadlineDays: 1, requestsCount: 5} @ webpack-internal:///(app-pages-browser)/./app/dashboard/clients/[id]/client-detail-client.tsx:457
[  161619ms] [LOG] Client short_links: [Object] shortCode: noFpbN portalUrl: http://localhost:3000/m/noFpbN @ webpack-internal:///(app-pages-browser)/./app/dashboard/clients/[id]/client-detail-client.tsx:274
[  161620ms] [LOG] Overview render: {clientId: 7dafcbe3-37e8-4c64-a684-7c545042764d, nextDeadline: Object, deadlineDays: 1, requestsCount: 5} @ webpack-internal:///(app-pages-browser)/./app/dashboard/clients/[id]/client-detail-client.tsx:457
[  161621ms] [LOG] Client short_links: [Object] shortCode: noFpbN portalUrl: http://localhost:3000/m/noFpbN @ webpack-internal:///(app-pages-browser)/./app/dashboard/clients/[id]/client-detail-client.tsx:274
[  161621ms] [LOG] Overview render: {clientId: 7dafcbe3-37e8-4c64-a684-7c545042764d, nextDeadline: Object, deadlineDays: 1, requestsCount: 5} @ webpack-internal:///(app-pages-browser)/./app/dashboard/clients/[id]/client-detail-client.tsx:457
[  173889ms] [INFO] %cDownload the React DevTools for a better development experience: https://react.dev/link/react-devtools font-weight:bold @ webpack-internal:///(app-pages-browser)/./node_modules/.pnpm/next@15.5.15_react-dom@19.2.5_react@19.2.5__react@19.2.5/node_modules/next/dist/compiled/react-dom/cjs/react-dom-client.development.js:25630
[  173906ms] [LOG] %c%s%c getClientById: background: #e6e6e6;background: light-dark(rgba(0,0,0,0.1), rgba(255,255,255,0.25));color: #000000;color: light-dark(#000000, #ffffff);border-radius: 2px  Server   {id: 7dafcbe3-37e8-4c64-a684-7c545042764d, clientData: Object} @ about://React/Server/webpack-internal:///(rsc)/./lib/data/clients.ts?18:254
[  173906ms] [LOG] %c%s%c Requests fetched: background: #e6e6e6;background: light-dark(rgba(0,0,0,0.1), rgba(255,255,255,0.25));color: #000000;color: light-dark(#000000, #ffffff);border-radius: 2px  Server   {requestsData: Array(5), requestsError: null} @ about://React/Server/webpack-internal:///(rsc)/./lib/data/clients.ts?20:263
[  173906ms] [LOG] %c%s%c calculateHealthStatus debug: background: #e6e6e6;background: light-dark(rgba(0,0,0,0.1), rgba(255,255,255,0.25));color: #000000;color: light-dark(#000000, #ffffff);border-radius: 2px  Server   {todayStr: 2026-04-14, requests: Array(5)} @ about://React/Server/webpack-internal:///(rsc)/./lib/data/clients.ts?21:83
[  173906ms] [LOG] %c%s%c calculateHealthStatus filtered: background: #e6e6e6;background: light-dark(rgba(0,0,0,0.1), rgba(255,255,255,0.25));color: #000000;color: light-dark(#000000, #ffffff);border-radius: 2px  Server   {pendingRequests: Array(4), overdueRequests: Array(1)} @ about://React/Server/webpack-internal:///(rsc)/./lib/data/clients.ts?23:93
[  173906ms] [LOG] %c%s%c Calculated health status: background: #e6e6e6;background: light-dark(rgba(0,0,0,0.1), rgba(255,255,255,0.25));color: #000000;color: light-dark(#000000, #ffffff);border-radius: 2px  Server   Overdue @ about://React/Server/webpack-internal:///(rsc)/./lib/data/clients.ts?24:286
[  173931ms] [LOG] Client short_links: [Object] shortCode: noFpbN portalUrl: null @ webpack-internal:///(app-pages-browser)/./app/dashboard/clients/[id]/client-detail-client.tsx:274
[  173931ms] [LOG] Overview render: {clientId: 7dafcbe3-37e8-4c64-a684-7c545042764d, nextDeadline: Object, deadlineDays: 1, requestsCount: 5} @ webpack-internal:///(app-pages-browser)/./app/dashboard/clients/[id]/client-detail-client.tsx:457
[  173932ms] [LOG] Client short_links: [Object] shortCode: noFpbN portalUrl: null @ webpack-internal:///(app-pages-browser)/./app/dashboard/clients/[id]/client-detail-client.tsx:274
[  173932ms] [LOG] Overview render: {clientId: 7dafcbe3-37e8-4c64-a684-7c545042764d, nextDeadline: Object, deadlineDays: 1, requestsCount: 5} @ webpack-internal:///(app-pages-browser)/./app/dashboard/clients/[id]/client-detail-client.tsx:457
[  173946ms] [LOG] Client short_links: [Object] shortCode: noFpbN portalUrl: http://localhost:3000/m/noFpbN @ webpack-internal:///(app-pages-browser)/./app/dashboard/clients/[id]/client-detail-client.tsx:274
[  173947ms] [LOG] Overview render: {clientId: 7dafcbe3-37e8-4c64-a684-7c545042764d, nextDeadline: Object, deadlineDays: 1, requestsCount: 5} @ webpack-internal:///(app-pages-browser)/./app/dashboard/clients/[id]/client-detail-client.tsx:457
[  173948ms] [LOG] Client short_links: [Object] shortCode: noFpbN portalUrl: http://localhost:3000/m/noFpbN @ webpack-internal:///(app-pages-browser)/./app/dashboard/clients/[id]/client-detail-client.tsx:274
[  173948ms] [LOG] Overview render: {clientId: 7dafcbe3-37e8-4c64-a684-7c545042764d, nextDeadline: Object, deadlineDays: 1, requestsCount: 5} @ webpack-internal:///(app-pages-browser)/./app/dashboard/clients/[id]/client-detail-client.tsx:457
[  173959ms] [LOG] Client short_links: [Object] shortCode: noFpbN portalUrl: http://localhost:3000/m/noFpbN @ webpack-internal:///(app-pages-browser)/./app/dashboard/clients/[id]/client-detail-client.tsx:274
[  173959ms] [LOG] Overview render: {clientId: 7dafcbe3-37e8-4c64-a684-7c545042764d, nextDeadline: Object, deadlineDays: 1, requestsCount: 5} @ webpack-internal:///(app-pages-browser)/./app/dashboard/clients/[id]/client-detail-client.tsx:457
[  173962ms] [LOG] Client short_links: [Object] shortCode: noFpbN portalUrl: http://localhost:3000/m/noFpbN @ webpack-internal:///(app-pages-browser)/./app/dashboard/clients/[id]/client-detail-client.tsx:274
[  173962ms] [LOG] Overview render: {clientId: 7dafcbe3-37e8-4c64-a684-7c545042764d, nextDeadline: Object, deadlineDays: 1, requestsCount: 5} @ webpack-internal:///(app-pages-browser)/./app/dashboard/clients/[id]/client-detail-client.tsx:457
[  177707ms] [LOG] %c%s%c calculateHealthStatus debug: background: #e6e6e6;background: light-dark(rgba(0,0,0,0.1), rgba(255,255,255,0.25));color: #000000;color: light-dark(#000000, #ffffff);border-radius: 2px  Server   {todayStr: 2026-04-14, requests: Array(5)} @ about://React/Server/webpack-internal:///(rsc)/./lib/data/clients.ts?21:83
[  177707ms] [LOG] %c%s%c calculateHealthStatus filtered: background: #e6e6e6;background: light-dark(rgba(0,0,0,0.1), rgba(255,255,255,0.25));color: #000000;color: light-dark(#000000, #ffffff);border-radius: 2px  Server   {pendingRequests: Array(4), overdueRequests: Array(1)} @ about://React/Server/webpack-internal:///(rsc)/./lib/data/clients.ts?23:93
[  177707ms] [LOG] %c%s%c calculateHealthStatus debug: background: #e6e6e6;background: light-dark(rgba(0,0,0,0.1), rgba(255,255,255,0.25));color: #000000;color: light-dark(#000000, #ffffff);border-radius: 2px  Server   {todayStr: 2026-04-14, requests: Array(5)} @ about://React/Server/webpack-internal:///(rsc)/./lib/data/clients.ts?21:83
[  177707ms] [LOG] %c%s%c calculateHealthStatus filtered: background: #e6e6e6;background: light-dark(rgba(0,0,0,0.1), rgba(255,255,255,0.25));color: #000000;color: light-dark(#000000, #ffffff);border-radius: 2px  Server   {pendingRequests: Array(4), overdueRequests: Array(1)} @ about://React/Server/webpack-internal:///(rsc)/./lib/data/clients.ts?23:93
[  618752ms] [INFO] %cDownload the React DevTools for a better development experience: https://react.dev/link/react-devtools font-weight:bold @ webpack-internal:///(app-pages-browser)/./node_modules/.pnpm/next@15.5.15_react-dom@19.2.5_react@19.2.5__react@19.2.5/node_modules/next/dist/compiled/react-dom/cjs/react-dom-client.development.js:25630
[  618786ms] [ERROR] %c%s%c Error fetching client detail: background: #e6e6e6;background: light-dark(rgba(0,0,0,0.1), rgba(255,255,255,0.25));color: #000000;color: light-dark(#000000, #ffffff);border-radius: 2px  Server   {code: 22P02, details: null, hint: null, message: invalid input syntax for type uuid: "1"} @ webpack-internal:///(app-pages-browser)/./node_modules/.pnpm/next@15.5.15_react-dom@19.2.5_react@19.2.5__react@19.2.5/node_modules/next/dist/next-devtools/userspace/app/errors/intercept-console-error.js:56
[  619023ms] [LOG] [Fast Refresh] rebuilding @ webpack-internal:///(app-pages-browser)/./node_modules/.pnpm/next@15.5.15_react-dom@19.2.5_react@19.2.5__react@19.2.5/node_modules/next/dist/client/dev/hot-reloader/app/hot-reloader-app.js:196
[  619295ms] [LOG] [Fast Refresh] done in 272ms @ webpack-internal:///(app-pages-browser)/./node_modules/.pnpm/next@15.5.15_react-dom@19.2.5_react@19.2.5__react@19.2.5/node_modules/next/dist/client/dev/report-hmr-latency.js:13
[  621582ms] [LOG] [Fast Refresh] rebuilding @ webpack-internal:///(app-pages-browser)/./node_modules/.pnpm/next@15.5.15_react-dom@19.2.5_react@19.2.5__react@19.2.5/node_modules/next/dist/client/dev/hot-reloader/app/hot-reloader-app.js:196
[  621857ms] [LOG] [Fast Refresh] done in 274ms @ webpack-internal:///(app-pages-browser)/./node_modules/.pnpm/next@15.5.15_react-dom@19.2.5_react@19.2.5__react@19.2.5/node_modules/next/dist/client/dev/report-hmr-latency.js:13
[  623026ms] [LOG] %c%s%c calculateHealthStatus debug: background: #e6e6e6;background: light-dark(rgba(0,0,0,0.1), rgba(255,255,255,0.25));color: #000000;color: light-dark(#000000, #ffffff);border-radius: 2px  Server   {todayStr: 2026-04-14, requests: Array(5)} @ about://React/Server/webpack-internal:///(rsc)/./lib/data/clients.ts?38:83
[  623026ms] [LOG] %c%s%c calculateHealthStatus filtered: background: #e6e6e6;background: light-dark(rgba(0,0,0,0.1), rgba(255,255,255,0.25));color: #000000;color: light-dark(#000000, #ffffff);border-radius: 2px  Server   {pendingRequests: Array(4), overdueRequests: Array(1)} @ about://React/Server/webpack-internal:///(rsc)/./lib/data/clients.ts?42:93
[  623026ms] [LOG] %c%s%c calculateHealthStatus debug: background: #e6e6e6;background: light-dark(rgba(0,0,0,0.1), rgba(255,255,255,0.25));color: #000000;color: light-dark(#000000, #ffffff);border-radius: 2px  Server   {todayStr: 2026-04-14, requests: Array(5)} @ about://React/Server/webpack-internal:///(rsc)/./lib/data/clients.ts?38:83
[  623027ms] [LOG] %c%s%c calculateHealthStatus filtered: background: #e6e6e6;background: light-dark(rgba(0,0,0,0.1), rgba(255,255,255,0.25));color: #000000;color: light-dark(#000000, #ffffff);border-radius: 2px  Server   {pendingRequests: Array(4), overdueRequests: Array(1)} @ about://React/Server/webpack-internal:///(rsc)/./lib/data/clients.ts?42:93
[  623958ms] [LOG] %c%s%c calculateHealthStatus debug: background: #e6e6e6;background: light-dark(rgba(0,0,0,0.1), rgba(255,255,255,0.25));color: #000000;color: light-dark(#000000, #ffffff);border-radius: 2px  Server   {todayStr: 2026-04-14, requests: Array(5)} @ about://React/Server/webpack-internal:///(rsc)/./lib/data/clients.ts?38:83
[  623958ms] [LOG] %c%s%c calculateHealthStatus filtered: background: #e6e6e6;background: light-dark(rgba(0,0,0,0.1), rgba(255,255,255,0.25));color: #000000;color: light-dark(#000000, #ffffff);border-radius: 2px  Server   {pendingRequests: Array(4), overdueRequests: Array(1)} @ about://React/Server/webpack-internal:///(rsc)/./lib/data/clients.ts?42:93
[  623958ms] [LOG] %c%s%c calculateHealthStatus debug: background: #e6e6e6;background: light-dark(rgba(0,0,0,0.1), rgba(255,255,255,0.25));color: #000000;color: light-dark(#000000, #ffffff);border-radius: 2px  Server   {todayStr: 2026-04-14, requests: Array(5)} @ about://React/Server/webpack-internal:///(rsc)/./lib/data/clients.ts?38:83
[  623958ms] [LOG] %c%s%c calculateHealthStatus filtered: background: #e6e6e6;background: light-dark(rgba(0,0,0,0.1), rgba(255,255,255,0.25));color: #000000;color: light-dark(#000000, #ffffff);border-radius: 2px  Server   {pendingRequests: Array(4), overdueRequests: Array(1)} @ about://React/Server/webpack-internal:///(rsc)/./lib/data/clients.ts?42:93
[  629648ms] [LOG] %c%s%c getClientById: background: #e6e6e6;background: light-dark(rgba(0,0,0,0.1), rgba(255,255,255,0.25));color: #000000;color: light-dark(#000000, #ffffff);border-radius: 2px  Server   {id: 2991c181-818a-40db-9899-aedf46c2fd7b, clientData: Object} @ about://React/Server/webpack-internal:///(rsc)/./lib/data/clients.ts?59:254
[  629649ms] [LOG] %c%s%c Requests fetched: background: #e6e6e6;background: light-dark(rgba(0,0,0,0.1), rgba(255,255,255,0.25));color: #000000;color: light-dark(#000000, #ffffff);border-radius: 2px  Server   {requestsData: Array(0), requestsError: null} @ about://React/Server/webpack-internal:///(rsc)/./lib/data/clients.ts?60:263
[  629649ms] [LOG] %c%s%c Calculated health status: background: #e6e6e6;background: light-dark(rgba(0,0,0,0.1), rgba(255,255,255,0.25));color: #000000;color: light-dark(#000000, #ffffff);border-radius: 2px  Server   No Action @ about://React/Server/webpack-internal:///(rsc)/./lib/data/clients.ts?61:286
[  629677ms] [LOG] Client short_links: [Object] shortCode: yAevnv portalUrl: null @ webpack-internal:///(app-pages-browser)/./app/dashboard/clients/[id]/client-detail-client.tsx:274
[  629677ms] [LOG] Overview render: {clientId: 2991c181-818a-40db-9899-aedf46c2fd7b, nextDeadline: null, deadlineDays: 0, requestsCount: 0} @ webpack-internal:///(app-pages-browser)/./app/dashboard/clients/[id]/client-detail-client.tsx:457
[  629678ms] [LOG] Client short_links: [Object] shortCode: yAevnv portalUrl: null @ webpack-internal:///(app-pages-browser)/./app/dashboard/clients/[id]/client-detail-client.tsx:274
[  629678ms] [LOG] Overview render: {clientId: 2991c181-818a-40db-9899-aedf46c2fd7b, nextDeadline: null, deadlineDays: 0, requestsCount: 0} @ webpack-internal:///(app-pages-browser)/./app/dashboard/clients/[id]/client-detail-client.tsx:457
[  629690ms] [LOG] Client short_links: [Object] shortCode: yAevnv portalUrl: http://localhost:3000/m/yAevnv @ webpack-internal:///(app-pages-browser)/./app/dashboard/clients/[id]/client-detail-client.tsx:274
[  629690ms] [LOG] Overview render: {clientId: 2991c181-818a-40db-9899-aedf46c2fd7b, nextDeadline: null, deadlineDays: 0, requestsCount: 0} @ webpack-internal:///(app-pages-browser)/./app/dashboard/clients/[id]/client-detail-client.tsx:457
[  629691ms] [LOG] Client short_links: [Object] shortCode: yAevnv portalUrl: http://localhost:3000/m/yAevnv @ webpack-internal:///(app-pages-browser)/./app/dashboard/clients/[id]/client-detail-client.tsx:274
[  629692ms] [LOG] Overview render: {clientId: 2991c181-818a-40db-9899-aedf46c2fd7b, nextDeadline: null, deadlineDays: 0, requestsCount: 0} @ webpack-internal:///(app-pages-browser)/./app/dashboard/clients/[id]/client-detail-client.tsx:457
[  641367ms] [LOG] Client short_links: [Object] shortCode: yAevnv portalUrl: http://localhost:3000/m/yAevnv @ webpack-internal:///(app-pages-browser)/./app/dashboard/clients/[id]/client-detail-client.tsx:274
[  641367ms] [LOG] Overview render: {clientId: 2991c181-818a-40db-9899-aedf46c2fd7b, nextDeadline: null, deadlineDays: 0, requestsCount: 0} @ webpack-internal:///(app-pages-browser)/./app/dashboard/clients/[id]/client-detail-client.tsx:457
[  641371ms] [LOG] Client short_links: [Object] shortCode: yAevnv portalUrl: http://localhost:3000/m/yAevnv @ webpack-internal:///(app-pages-browser)/./app/dashboard/clients/[id]/client-detail-client.tsx:274
[  641371ms] [LOG] Overview render: {clientId: 2991c181-818a-40db-9899-aedf46c2fd7b, nextDeadline: null, deadlineDays: 0, requestsCount: 0} @ webpack-internal:///(app-pages-browser)/./app/dashboard/clients/[id]/client-detail-client.tsx:457
[  642022ms] [LOG] Client short_links: [Object] shortCode: yAevnv portalUrl: http://localhost:3000/m/yAevnv @ webpack-internal:///(app-pages-browser)/./app/dashboard/clients/[id]/client-detail-client.tsx:274
[  642023ms] [LOG] Overview render: {clientId: 2991c181-818a-40db-9899-aedf46c2fd7b, nextDeadline: null, deadlineDays: 0, requestsCount: 0} @ webpack-internal:///(app-pages-browser)/./app/dashboard/clients/[id]/client-detail-client.tsx:457
[  642025ms] [LOG] Client short_links: [Object] shortCode: yAevnv portalUrl: http://localhost:3000/m/yAevnv @ webpack-internal:///(app-pages-browser)/./app/dashboard/clients/[id]/client-detail-client.tsx:274
[  642025ms] [LOG] Overview render: {clientId: 2991c181-818a-40db-9899-aedf46c2fd7b, nextDeadline: null, deadlineDays: 0, requestsCount: 0} @ webpack-internal:///(app-pages-browser)/./app/dashboard/clients/[id]/client-detail-client.tsx:457
[  649356ms] [LOG] Client short_links: [Object] shortCode: yAevnv portalUrl: http://localhost:3000/m/yAevnv @ webpack-internal:///(app-pages-browser)/./app/dashboard/clients/[id]/client-detail-client.tsx:274
[  649357ms] [LOG] Overview render: {clientId: 2991c181-818a-40db-9899-aedf46c2fd7b, nextDeadline: null, deadlineDays: 0, requestsCount: 0} @ webpack-internal:///(app-pages-browser)/./app/dashboard/clients/[id]/client-detail-client.tsx:457
[  649360ms] [LOG] Client short_links: [Object] shortCode: yAevnv portalUrl: http://localhost:3000/m/yAevnv @ webpack-internal:///(app-pages-browser)/./app/dashboard/clients/[id]/client-detail-client.tsx:274
[  649360ms] [LOG] Overview render: {clientId: 2991c181-818a-40db-9899-aedf46c2fd7b, nextDeadline: null, deadlineDays: 0, requestsCount: 0} @ webpack-internal:///(app-pages-browser)/./app/dashboard/clients/[id]/client-detail-client.tsx:457
[  650118ms] [LOG] Client short_links: [Object] shortCode: yAevnv portalUrl: http://localhost:3000/m/yAevnv @ webpack-internal:///(app-pages-browser)/./app/dashboard/clients/[id]/client-detail-client.tsx:274
[  650119ms] [LOG] Overview render: {clientId: 2991c181-818a-40db-9899-aedf46c2fd7b, nextDeadline: null, deadlineDays: 0, requestsCount: 0} @ webpack-internal:///(app-pages-browser)/./app/dashboard/clients/[id]/client-detail-client.tsx:457
[  650124ms] [LOG] Client short_links: [Object] shortCode: yAevnv portalUrl: http://localhost:3000/m/yAevnv @ webpack-internal:///(app-pages-browser)/./app/dashboard/clients/[id]/client-detail-client.tsx:274
[  650124ms] [LOG] Overview render: {clientId: 2991c181-818a-40db-9899-aedf46c2fd7b, nextDeadline: null, deadlineDays: 0, requestsCount: 0} @ webpack-internal:///(app-pages-browser)/./app/dashboard/clients/[id]/client-detail-client.tsx:457
[  655469ms] [LOG] Client short_links: [Object] shortCode: yAevnv portalUrl: http://localhost:3000/m/yAevnv @ webpack-internal:///(app-pages-browser)/./app/dashboard/clients/[id]/client-detail-client.tsx:274
[  655470ms] [LOG] Overview render: {clientId: 2991c181-818a-40db-9899-aedf46c2fd7b, nextDeadline: null, deadlineDays: 0, requestsCount: 0} @ webpack-internal:///(app-pages-browser)/./app/dashboard/clients/[id]/client-detail-client.tsx:457
[  655474ms] [LOG] Client short_links: [Object] shortCode: yAevnv portalUrl: http://localhost:3000/m/yAevnv @ webpack-internal:///(app-pages-browser)/./app/dashboard/clients/[id]/client-detail-client.tsx:274
[  655474ms] [LOG] Overview render: {clientId: 2991c181-818a-40db-9899-aedf46c2fd7b, nextDeadline: null, deadlineDays: 0, requestsCount: 0} @ webpack-internal:///(app-pages-browser)/./app/dashboard/clients/[id]/client-detail-client.tsx:457
[  669475ms] [LOG] [Fast Refresh] rebuilding @ webpack-internal:///(app-pages-browser)/./node_modules/.pnpm/next@15.5.15_react-dom@19.2.5_react@19.2.5__react@19.2.5/node_modules/next/dist/client/dev/hot-reloader/app/hot-reloader-app.js:196
[  669688ms] [LOG] [Fast Refresh] done in 212ms @ webpack-internal:///(app-pages-browser)/./node_modules/.pnpm/next@15.5.15_react-dom@19.2.5_react@19.2.5__react@19.2.5/node_modules/next/dist/client/dev/report-hmr-latency.js:13
[  669716ms] [LOG] [Fast Refresh] rebuilding @ webpack-internal:///(app-pages-browser)/./node_modules/.pnpm/next@15.5.15_react-dom@19.2.5_react@19.2.5__react@19.2.5/node_modules/next/dist/client/dev/hot-reloader/app/hot-reloader-app.js:196
[  670110ms] [LOG] [Fast Refresh] done in 394ms @ webpack-internal:///(app-pages-browser)/./node_modules/.pnpm/next@15.5.15_react-dom@19.2.5_react@19.2.5__react@19.2.5/node_modules/next/dist/client/dev/report-hmr-latency.js:13
[  676568ms] [LOG] %c%s%c calculateHealthStatus debug: background: #e6e6e6;background: light-dark(rgba(0,0,0,0.1), rgba(255,255,255,0.25));color: #000000;color: light-dark(#000000, #ffffff);border-radius: 2px  Server   {todayStr: 2026-04-14, requests: Array(5)} @ about://React/Server/webpack-internal:///(rsc)/./lib/data/clients.ts?38:83
[  676569ms] [LOG] %c%s%c calculateHealthStatus filtered: background: #e6e6e6;background: light-dark(rgba(0,0,0,0.1), rgba(255,255,255,0.25));color: #000000;color: light-dark(#000000, #ffffff);border-radius: 2px  Server   {pendingRequests: Array(4), overdueRequests: Array(1)} @ about://React/Server/webpack-internal:///(rsc)/./lib/data/clients.ts?42:93
[  676569ms] [LOG] %c%s%c calculateHealthStatus debug: background: #e6e6e6;background: light-dark(rgba(0,0,0,0.1), rgba(255,255,255,0.25));color: #000000;color: light-dark(#000000, #ffffff);border-radius: 2px  Server   {todayStr: 2026-04-14, requests: Array(5)} @ about://React/Server/webpack-internal:///(rsc)/./lib/data/clients.ts?38:83
[  676569ms] [LOG] %c%s%c calculateHealthStatus filtered: background: #e6e6e6;background: light-dark(rgba(0,0,0,0.1), rgba(255,255,255,0.25));color: #000000;color: light-dark(#000000, #ffffff);border-radius: 2px  Server   {pendingRequests: Array(4), overdueRequests: Array(1)} @ about://React/Server/webpack-internal:///(rsc)/./lib/data/clients.ts?42:93
[  679543ms] [LOG] %c%s%c calculateHealthStatus debug: background: #e6e6e6;background: light-dark(rgba(0,0,0,0.1), rgba(255,255,255,0.25));color: #000000;color: light-dark(#000000, #ffffff);border-radius: 2px  Server   {todayStr: 2026-04-14, requests: Array(5)} @ about://React/Server/webpack-internal:///(rsc)/./lib/data/clients.ts?38:83
[  679543ms] [LOG] %c%s%c calculateHealthStatus filtered: background: #e6e6e6;background: light-dark(rgba(0,0,0,0.1), rgba(255,255,255,0.25));color: #000000;color: light-dark(#000000, #ffffff);border-radius: 2px  Server   {pendingRequests: Array(4), overdueRequests: Array(1)} @ about://React/Server/webpack-internal:///(rsc)/./lib/data/clients.ts?42:93
[  679543ms] [LOG] %c%s%c calculateHealthStatus debug: background: #e6e6e6;background: light-dark(rgba(0,0,0,0.1), rgba(255,255,255,0.25));color: #000000;color: light-dark(#000000, #ffffff);border-radius: 2px  Server   {todayStr: 2026-04-14, requests: Array(5)} @ about://React/Server/webpack-internal:///(rsc)/./lib/data/clients.ts?38:83
[  679543ms] [LOG] %c%s%c calculateHealthStatus filtered: background: #e6e6e6;background: light-dark(rgba(0,0,0,0.1), rgba(255,255,255,0.25));color: #000000;color: light-dark(#000000, #ffffff);border-radius: 2px  Server   {pendingRequests: Array(4), overdueRequests: Array(1)} @ about://React/Server/webpack-internal:///(rsc)/./lib/data/clients.ts?42:93
[  681503ms] [INFO] %cDownload the React DevTools for a better development experience: https://react.dev/link/react-devtools font-weight:bold @ webpack-internal:///(app-pages-browser)/./node_modules/.pnpm/next@15.5.15_react-dom@19.2.5_react@19.2.5__react@19.2.5/node_modules/next/dist/compiled/react-dom/cjs/react-dom-client.development.js:25630
[  681537ms] [LOG] %c%s%c calculateHealthStatus debug: background: #e6e6e6;background: light-dark(rgba(0,0,0,0.1), rgba(255,255,255,0.25));color: #000000;color: light-dark(#000000, #ffffff);border-radius: 2px  Server   {todayStr: 2026-04-14, requests: Array(5)} @ about://React/Server/webpack-internal:///(rsc)/./lib/data/clients.ts?18:83
[  681537ms] [LOG] %c%s%c calculateHealthStatus filtered: background: #e6e6e6;background: light-dark(rgba(0,0,0,0.1), rgba(255,255,255,0.25));color: #000000;color: light-dark(#000000, #ffffff);border-radius: 2px  Server   {pendingRequests: Array(4), overdueRequests: Array(1)} @ about://React/Server/webpack-internal:///(rsc)/./lib/data/clients.ts?22:93
[  681537ms] [LOG] %c%s%c calculateHealthStatus debug: background: #e6e6e6;background: light-dark(rgba(0,0,0,0.1), rgba(255,255,255,0.25));color: #000000;color: light-dark(#000000, #ffffff);border-radius: 2px  Server   {todayStr: 2026-04-14, requests: Array(5)} @ about://React/Server/webpack-internal:///(rsc)/./lib/data/clients.ts?18:83
[  681537ms] [LOG] %c%s%c calculateHealthStatus filtered: background: #e6e6e6;background: light-dark(rgba(0,0,0,0.1), rgba(255,255,255,0.25));color: #000000;color: light-dark(#000000, #ffffff);border-radius: 2px  Server   {pendingRequests: Array(4), overdueRequests: Array(1)} @ about://React/Server/webpack-internal:///(rsc)/./lib/data/clients.ts?22:93
[  705839ms] [INFO] %cDownload the React DevTools for a better development experience: https://react.dev/link/react-devtools font-weight:bold @ webpack-internal:///(app-pages-browser)/./node_modules/.pnpm/next@15.5.15_react-dom@19.2.5_react@19.2.5__react@19.2.5/node_modules/next/dist/compiled/react-dom/cjs/react-dom-client.development.js:25630
[  705858ms] [LOG] %c%s%c calculateHealthStatus debug: background: #e6e6e6;background: light-dark(rgba(0,0,0,0.1), rgba(255,255,255,0.25));color: #000000;color: light-dark(#000000, #ffffff);border-radius: 2px  Server   {todayStr: 2026-04-14, requests: Array(5)} @ about://React/Server/webpack-internal:///(rsc)/./lib/data/clients.ts?18:83
[  705858ms] [LOG] %c%s%c calculateHealthStatus filtered: background: #e6e6e6;background: light-dark(rgba(0,0,0,0.1), rgba(255,255,255,0.25));color: #000000;color: light-dark(#000000, #ffffff);border-radius: 2px  Server   {pendingRequests: Array(4), overdueRequests: Array(1)} @ about://React/Server/webpack-internal:///(rsc)/./lib/data/clients.ts?22:93
[  705858ms] [LOG] %c%s%c calculateHealthStatus debug: background: #e6e6e6;background: light-dark(rgba(0,0,0,0.1), rgba(255,255,255,0.25));color: #000000;color: light-dark(#000000, #ffffff);border-radius: 2px  Server   {todayStr: 2026-04-14, requests: Array(5)} @ about://React/Server/webpack-internal:///(rsc)/./lib/data/clients.ts?18:83
[  705858ms] [LOG] %c%s%c calculateHealthStatus filtered: background: #e6e6e6;background: light-dark(rgba(0,0,0,0.1), rgba(255,255,255,0.25));color: #000000;color: light-dark(#000000, #ffffff);border-radius: 2px  Server   {pendingRequests: Array(4), overdueRequests: Array(1)} @ about://React/Server/webpack-internal:///(rsc)/./lib/data/clients.ts?22:93
